     1                                  BOOT_LOAD equ 0x7C00		;ブートプログラムのロード位置
     2                                  
     3                                  ORG BOOT_LOAD			;ロードアドレスをアセンブラに指示 (1度しか指示できない)
     4                                  
     5                                  ;****************************************************
     6                                  ;【エントリポイント】
     7                                  ;****************************************************
     8                                  
     9                                  entry:
    10                                  
    11                                  
    12                                  ;----------------------------
    13                                  ;【BPB(BIOS Parameter Block)】
    14                                  ;----------------------------
    15 00000000 EB58                    jmp	ipl		;IPLへジャンプ
    16 00000002 90<rept>                times 90 - ($ - $$) db 0x90
    17                                  
    18                                  
    19                                  ;----------------------------
    20                                  ;【IPL(Initial Program Loader)】
    21                                  ;----------------------------
    22                                  ipl:
    23 0000005A FA                      	cli			;割り込み処理に今は対応していないので、割り込み処理を禁止にする
    24                                  	
    25 0000005B B80000                  	mov ax,0x0000		;AX = 0x0000
    26 0000005E 8ED8                    	mov ds,ax		;DS = 0x0000
    27 00000060 8EC0                    	mov es,ax		;ES = 0x0000
    28 00000062 8ED0                    	mov ss,ax		;SS = 0x0000
    29 00000064 BC007C                  	mov sp,BOOT_LOAD	;SP = 0x7C00
    30                                  
    31 00000067 FB                      	sti			;割り込み許可
    32                                  
    33 00000068 8816[6E00]              	mov [BOOT.DRIVE],dl	;ブートドライブを保存
    34                                  	
    35                                  
    36 0000006C EBFE                    	jmp $			;while(1); // 無限ループ
    37                                  
    38                                  ALIGN 2,db 0			;データを2バイト境界で配置するように指示
    39                                  BOOT:				;ブートドライブに関する情報
    40 0000006E 0000                    .DRIVE:		dw 0		;ドライブ番号
    41                                  
    42                                  ;----------------------------
    43                                  ;【処理の終了】
    44                                  ;----------------------------
    45 00000070 EBFE                    jmp $			;while(1); // 無限ループ
    46                                  
    47                                  
    48                                  ;****************************************************
    49                                  ;【ブートフラグ】(先頭512バイトの終了)
    50                                  ;****************************************************
    51 00000072 00<rept>                times 510 - ($ - $$) db 0x00
    52 000001FE 55AA                    db 0x55,0xAA
